0 info it worked if it ends with ok
1 verbose cli [ '/Users/shah/.nvm/versions/node/v10.20.1/bin/node',
1 verbose cli   '/Users/shah/.nvm/versions/node/v10.20.1/bin/npm',
1 verbose cli   'run',
1 verbose cli   'test:e2e:interactive',
1 verbose cli   '--no-cache' ]
2 info using npm@6.14.4
3 info using node@v10.20.1
4 verbose run-script [ 'pretest:e2e:interactive',
4 verbose run-script   'test:e2e:interactive',
4 verbose run-script   'posttest:e2e:interactive' ]
5 info lifecycle googlesitekit@~pretest:e2e:interactive: googlesitekit@
6 info lifecycle googlesitekit@~test:e2e:interactive: googlesitekit@
7 verbose lifecycle googlesitekit@~test:e2e:interactive: unsafe-perm in lifecycle true
8 verbose lifecycle googlesitekit@~test:e2e:interactive: PATH: /Users/shah/.nvm/versions/node/v10.20.1/lib/node_modules/npm/node_modules/npm-lifecycle/node-gyp-bin:/Users/shah/wp-local-docker-sites/sitekit-10uplabs-dev/wordpress/wp-content/plugins/google-site-kit/node_modules/.bin:/Users/shah/.nvm/versions/node/v10.20.1/bin:/Users/shah/.composer/vendor/bin:/usr/local/bin:/usr/bin:/bin:/usr/sbin:/sbin
9 verbose lifecycle googlesitekit@~test:e2e:interactive: CWD: /Users/shah/wp-local-docker-sites/sitekit-10uplabs-dev/wordpress/wp-content/plugins/google-site-kit
10 silly lifecycle googlesitekit@~test:e2e:interactive: Args: [ '-c', 'npm run test:e2e -- --puppeteer-interactive' ]
11 silly lifecycle googlesitekit@~test:e2e:interactive: Returned: code: 1  signal: null
12 info lifecycle googlesitekit@~test:e2e:interactive: Failed to exec test:e2e:interactive script
13 verbose stack Error: googlesitekit@ test:e2e:interactive: `npm run test:e2e -- --puppeteer-interactive`
13 verbose stack Exit status 1
13 verbose stack     at EventEmitter.<anonymous> (/Users/shah/.nvm/versions/node/v10.20.1/lib/node_modules/npm/node_modules/npm-lifecycle/index.js:332:16)
13 verbose stack     at EventEmitter.emit (events.js:198:13)
13 verbose stack     at ChildProcess.<anonymous> (/Users/shah/.nvm/versions/node/v10.20.1/lib/node_modules/npm/node_modules/npm-lifecycle/lib/spawn.js:55:14)
13 verbose stack     at ChildProcess.emit (events.js:198:13)
13 verbose stack     at maybeClose (internal/child_process.js:982:16)
13 verbose stack     at Process.ChildProcess._handle.onexit (internal/child_process.js:259:5)
14 verbose pkgid googlesitekit@
15 verbose cwd /Users/shah/wp-local-docker-sites/sitekit-10uplabs-dev/wordpress/wp-content/plugins/google-site-kit
16 verbose Darwin 19.4.0
17 verbose argv "/Users/shah/.nvm/versions/node/v10.20.1/bin/node" "/Users/shah/.nvm/versions/node/v10.20.1/bin/npm" "run" "test:e2e:interactive" "--no-cache"
18 verbose node v10.20.1
19 verbose npm  v6.14.4
20 error code ELIFECYCLE
21 error errno 1
22 error googlesitekit@ test:e2e:interactive: `npm run test:e2e -- --puppeteer-interactive`
22 error Exit status 1
23 error Failed at the googlesitekit@ test:e2e:interactive script.
23 error This is probably not a problem with npm. There is likely additional logging output above.
24 verbose exit [ 1, true ]
